2023-08-06 02:03:52.150257 - Initialized conversion of CBT178
2023-08-06 02:03:52.415081 - Received CBT.V505.FILE178.PDS from FILE178.XMI 
2023-08-06 02:03:52.417227 - Found $$$#DATE.txt (text/plain) in CBT.V505.FILE178.PDS, moved to PDS/$$$#DATE
2023-08-06 02:03:52.418124 - Found $DOC.txt (text/plain) in CBT.V505.FILE178.PDS, moved to PDS/$DOC
2023-08-06 02:03:52.419424 - Found $FILE178.txt (text/plain) in CBT.V505.FILE178.PDS, moved to PDS/$FILE178
2023-08-06 02:03:52.420308 - Found #102ACE.txt (text/plain) in CBT.V505.FILE178.PDS, moved to PDS/#102ACE
2023-08-06 02:03:52.421186 - Found #102ACEF.txt (text/plain) in CBT.V505.FILE178.PDS, moved to PDS/#102ACEF
2023-08-06 02:03:52.422271 - Found #102BC53.txt (text/plain) in CBT.V505.FILE178.PDS, moved to PDS/#102BC53
2023-08-06 02:03:52.423259 - Found #102CCE.txt (text/plain) in CBT.V505.FILE178.PDS, moved to PDS/#102CCE
2023-08-06 02:03:52.424165 - Found #102CLT.txt (text/plain) in CBT.V505.FILE178.PDS, moved to PDS/#102CLT
2023-08-06 02:03:52.425091 - Found #102CSA.txt (text/plain) in CBT.V505.FILE178.PDS, moved to PDS/#102CSA
2023-08-06 02:03:52.426069 - Found #102CSAF.txt (text/plain) in CBT.V505.FILE178.PDS, moved to PDS/#102CSAF
2023-08-06 02:03:52.426954 - Found #102CSAM.txt (text/plain) in CBT.V505.FILE178.PDS, moved to PDS/#102CSAM
2023-08-06 02:03:52.427811 - Found #102DCE.txt (text/plain) in CBT.V505.FILE178.PDS, moved to PDS/#102DCE
2023-08-06 02:03:52.428673 - Found #102DCEC.txt (text/plain) in CBT.V505.FILE178.PDS, moved to PDS/#102DCEC
2023-08-06 02:03:52.429644 - Found #102DCEF.txt (text/plain) in CBT.V505.FILE178.PDS, moved to PDS/#102DCEF
2023-08-06 02:03:52.430517 - Found #102DCET.txt (text/plain) in CBT.V505.FILE178.PDS, moved to PDS/#102DCET
2023-08-06 02:03:52.431390 - Found #102DM58.txt (text/plain) in CBT.V505.FILE178.PDS, moved to PDS/#102DM58
2023-08-06 02:03:52.432341 - Found #102ERE.txt (text/plain) in CBT.V505.FILE178.PDS, moved to PDS/#102ERE
2023-08-06 02:03:52.433248 - Found #102ESE.txt (text/plain) in CBT.V505.FILE178.PDS, moved to PDS/#102ESE
2023-08-06 02:03:52.434121 - Found #102FC59.txt (text/plain) in CBT.V505.FILE178.PDS, moved to PDS/#102FC59
2023-08-06 02:03:52.435082 - Found #102FM61.txt (text/plain) in CBT.V505.FILE178.PDS, moved to PDS/#102FM61
2023-08-06 02:03:52.436003 - Found #102ICE.txt (text/plain) in CBT.V505.FILE178.PDS, moved to PDS/#102ICE
2023-08-06 02:03:52.436906 - Found #102IDMS.txt (text/plain) in CBT.V505.FILE178.PDS, moved to PDS/#102IDMS
2023-08-06 02:03:52.437865 - Found #102JD62.txt (text/plain) in CBT.V505.FILE178.PDS, moved to PDS/#102JD62
2023-08-06 02:03:52.438719 - Found #102LTE.txt (text/plain) in CBT.V505.FILE178.PDS, moved to PDS/#102LTE
2023-08-06 02:03:52.439716 - Found #102LTEF.txt (text/plain) in CBT.V505.FILE178.PDS, moved to PDS/#102LTEF
2023-08-06 02:03:52.440569 - Found #102LTT.txt (text/plain) in CBT.V505.FILE178.PDS, moved to PDS/#102LTT
2023-08-06 02:03:52.441390 - Found #102NUC.txt (text/plain) in CBT.V505.FILE178.PDS, moved to PDS/#102NUC
2023-08-06 02:03:52.442223 - Found #102PR60.txt (text/plain) in CBT.V505.FILE178.PDS, moved to PDS/#102PR60
2023-08-06 02:03:52.443197 - Found #102RCEF.txt (text/plain) in CBT.V505.FILE178.PDS, moved to PDS/#102RCEF
2023-08-06 02:03:52.444008 - Found #102REG.txt (text/plain) in CBT.V505.FILE178.PDS, moved to PDS/#102REG
2023-08-06 02:03:52.444806 - Found #102RLEC.txt (text/plain) in CBT.V505.FILE178.PDS, moved to PDS/#102RLEC
2023-08-06 02:03:52.445751 - Found #102SCA.txt (text/plain) in CBT.V505.FILE178.PDS, moved to PDS/#102SCA
2023-08-06 02:03:52.446648 - Found #102TCE.txt (text/plain) in CBT.V505.FILE178.PDS, moved to PDS/#102TCE
2023-08-06 02:03:52.447453 - Found #102TCEF.txt (text/plain) in CBT.V505.FILE178.PDS, moved to PDS/#102TCEF
2023-08-06 02:03:52.448251 - Found #102TCEG.txt (text/plain) in CBT.V505.FILE178.PDS, moved to PDS/#102TCEG
2023-08-06 02:03:52.449088 - Found #102VB50.txt (text/plain) in CBT.V505.FILE178.PDS, moved to PDS/#102VB50
2023-08-06 02:03:52.450082 - Found #102VECT.txt (text/plain) in CBT.V505.FILE178.PDS, moved to PDS/#102VECT
2023-08-06 02:03:52.451085 - Found @FILE178.txt (text/plain) in CBT.V505.FILE178.PDS, moved to PDS/@FILE178
2023-08-06 02:03:52.452038 - Found BLSUFLAG.txt (text/plain) in CBT.V505.FILE178.PDS, moved to PDS/BLSUFLAG
2023-08-06 02:03:52.452883 - Found GLOBAL1.txt (text/plain) in CBT.V505.FILE178.PDS, moved to PDS/GLOBAL1
2023-08-06 02:03:52.453962 - Found ZCP.txt (text/plain) in CBT.V505.FILE178.PDS, moved to PDS/ZCP
2023-08-06 02:03:52.454849 - Found ZNOTE.txt (text/plain) in CBT.V505.FILE178.PDS, moved to PDS/ZNOTE
2023-08-06 02:03:52.455821 - Found Z102DM58.txt (text/plain) in CBT.V505.FILE178.PDS, moved to PDS/Z102DM58
